TN:
SF:entities/article.js
FN:2,(anonymous_0)
FN:10,(anonymous_1)
FNF:2
FNH:2
FNDA:14,(anonymous_0)
FNDA:14,(anonymous_1)
DA:3,14
DA:4,14
DA:5,14
DA:6,14
DA:7,14
DA:12,14
DA:13,2
DA:15,12
DA:16,1
DA:20,11
DA:21,2
DA:23,9
DA:24,1
DA:28,8
DA:29,2
DA:35,6
DA:36,3
DA:37,3
DA:38,2
DA:40,1
DA:43,5
DA:44,1
DA:48,4
DA:52,1
LF:24
LH:24
BRDA:12,0,0,2
BRDA:12,0,1,12
BRDA:12,1,0,14
BRDA:12,1,1,14
BRDA:15,2,0,1
BRDA:15,2,1,11
BRDA:20,3,0,2
BRDA:20,3,1,9
BRDA:20,4,0,11
BRDA:20,4,1,11
BRDA:23,5,0,1
BRDA:23,5,1,8
BRDA:28,6,0,2
BRDA:28,6,1,6
BRDA:28,7,0,8
BRDA:28,7,1,8
BRDA:35,8,0,3
BRDA:35,8,1,3
BRDA:37,9,0,2
BRDA:37,9,1,1
BRDA:43,10,0,1
BRDA:43,10,1,4
BRF:22
BRH:22
end_of_record
